<!--

    Copyright (c) 2012 Aon eSolutions

    Licensed under the Apache License, Version 2.0 (the "License"); you may not
    use this file except in compliance with the License. You may obtain a copy of
    the License at

    http://www.apache.org/licenses/LICENSE-2.0

    Unless required by applicable law or agreed to in writing, software
    distributed under the License is distributed on an "AS IS" BASIS, WITHOUT
    WARRANTIES OR CONDITIONS OF ANY KIND, either express or implied. See the
    License for the specific language governing permissions and limitations under
    the License.

-->
<beans:beans xmlns="http://www.springframework.org/schema/security"
	xmlns:beans="http://www.springframework.org/schema/beans"
	xmlns:xsi="http://www.w3.org/2001/XMLSchema-instance"
	xmlns:neo4j="http://www.springframework.org/schema/data/neo4j"
	xsi:schemaLocation="http://www.springframework.org/schema/security http://www.springframework.org/schema/security/spring-security-3.1.xsd
		http://www.springframework.org/schema/beans http://www.springframework.org/schema/beans/spring-beans-3.1.xsd
		http://www.springframework.org/schema/data/neo4j http://www.springframework.org/schema/data/neo4j/spring-neo4j-2.0.xsd">

	<neo4j:repositories base-package="org.aon.esolutions.appconfig.security.repository"/>
	
	<beans:bean id="aclService" class="org.aon.esolutions.appconfig.security.Neo4jAclService"/>
	
	<beans:bean id="expressionHandler" class="org.springframework.security.access.expression.method.DefaultMethodSecurityExpressionHandler">
	    <beans:property name="permissionEvaluator">
	        <beans:bean id="permissionEvaluator" class="org.springframework.security.acls.AclPermissionEvaluator">
	        	<beans:constructor-arg ref="aclService"/>
	        </beans:bean>
	    </beans:property>
	</beans:bean>

</beans:beans>